CRITICAL - 2021-11-16 18:56:55 --> Invalid file: pages/home.php
#0 /var/www/codeigniter/system/View/View.php(198): CodeIgniter\Exceptions\FrameworkException::forInvalidFile()
#1 /var/www/codeigniter/system/Common.php(1097): CodeIgniter\View\View->render()
#2 /var/www/codeigniter/app/Controllers/Post.php(20): view()
#3 /var/www/codeigniter/system/CodeIgniter.php(824): App\Controllers\Post->showMe()
#4 /var/www/codeigniter/system/CodeIgniter.php(410): CodeIgniter\CodeIgniter->runController()
#5 /var/www/codeigniter/system/CodeIgniter.php(318): CodeIgniter\CodeIgniter->handleRequest()
#6 /var/www/codeigniter/public/index.php(37): CodeIgniter\CodeIgniter->run()
#7 /var/www/codeigniter/system/Commands/Server/rewrite.php(43): require_once('/var/www/codeig...')
#8 {main}
CRITICAL - 2021-11-16 19:00:11 --> A non-numeric value encountered
#0 /var/www/codeigniter/app/Controllers/Post.php(20): CodeIgniter\Debug\Exceptions->errorHandler()
#1 /var/www/codeigniter/system/CodeIgniter.php(824): App\Controllers\Post->showMe()
#2 /var/www/codeigniter/system/CodeIgniter.php(410): CodeIgniter\CodeIgniter->runController()
#3 /var/www/codeigniter/system/CodeIgniter.php(318): CodeIgniter\CodeIgniter->handleRequest()
#4 /var/www/codeigniter/public/index.php(37): CodeIgniter\CodeIgniter->run()
#5 /var/www/codeigniter/system/Commands/Server/rewrite.php(43): require_once('/var/www/codeig...')
#6 {main}
CRITICAL - 2021-11-16 19:01:11 --> Invalid file: pages/teasd.php
#0 /var/www/codeigniter/system/View/View.php(198): CodeIgniter\Exceptions\FrameworkException::forInvalidFile()
#1 /var/www/codeigniter/system/Common.php(1097): CodeIgniter\View\View->render()
#2 /var/www/codeigniter/app/Controllers/Post.php(20): view()
#3 /var/www/codeigniter/system/CodeIgniter.php(824): App\Controllers\Post->showMe()
#4 /var/www/codeigniter/system/CodeIgniter.php(410): CodeIgniter\CodeIgniter->runController()
#5 /var/www/codeigniter/system/CodeIgniter.php(318): CodeIgniter\CodeIgniter->handleRequest()
#6 /var/www/codeigniter/public/index.php(37): CodeIgniter\CodeIgniter->run()
#7 /var/www/codeigniter/system/Commands/Server/rewrite.php(43): require_once('/var/www/codeig...')
#8 {main}
CRITICAL - 2021-11-16 19:19:50 --> syntax error, unexpected '=>' (T_DOUBLE_ARROW), expecting ']'
#0 /var/www/codeigniter/system/Router/Router.php(176): CodeIgniter\Router\Router->autoRoute()
#1 /var/www/codeigniter/system/CodeIgniter.php(718): CodeIgniter\Router\Router->handle()
#2 /var/www/codeigniter/system/CodeIgniter.php(359): CodeIgniter\CodeIgniter->tryToRouteIt()
#3 /var/www/codeigniter/system/CodeIgniter.php(318): CodeIgniter\CodeIgniter->handleRequest()
#4 /var/www/codeigniter/public/index.php(37): CodeIgniter\CodeIgniter->run()
#5 /var/www/codeigniter/system/Commands/Server/rewrite.php(43): require_once('/var/www/codeig...')
#6 {main}
ERROR - 2021-11-16 19:20:39 --> Table 'ifc_store.news' doesn't exist
CRITICAL - 2021-11-16 19:20:39 --> Table 'ifc_store.news' doesn't exist
#0 /var/www/codeigniter/system/Database/MySQLi/Connection.php(292): mysqli->query()
#1 /var/www/codeigniter/system/Database/BaseConnection.php(670): CodeIgniter\Database\MySQLi\Connection->execute()
#2 /var/www/codeigniter/system/Database/BaseConnection.php(598): CodeIgniter\Database\BaseConnection->simpleQuery()
#3 /var/www/codeigniter/system/Database/BaseBuilder.php(1443): CodeIgniter\Database\BaseConnection->query()
#4 /var/www/codeigniter/system/Model.php(183): CodeIgniter\Database\BaseBuilder->get()
#5 /var/www/codeigniter/system/BaseModel.php(584): CodeIgniter\Model->doFindAll()
#6 /var/www/codeigniter/app/Models/SellerModel.php(15): CodeIgniter\BaseModel->findAll()
#7 /var/www/codeigniter/app/Controllers/Seller.php(17): App\Models\SellerModel->getAll()
#8 /var/www/codeigniter/system/CodeIgniter.php(824): App\Controllers\Seller->index()
#9 /var/www/codeigniter/system/CodeIgniter.php(410): CodeIgniter\CodeIgniter->runController()
#10 /var/www/codeigniter/system/CodeIgniter.php(318): CodeIgniter\CodeIgniter->handleRequest()
#11 /var/www/codeigniter/public/index.php(37): CodeIgniter\CodeIgniter->run()
#12 /var/www/codeigniter/system/Commands/Server/rewrite.php(43): require_once('/var/www/codeig...')
#13 {main}
ERROR - 2021-11-16 19:20:39 --> Table 'ifc_store.news' doesn't exist
CRITICAL - 2021-11-16 19:20:39 --> Table 'ifc_store.news' doesn't exist
#0 /var/www/codeigniter/system/Database/MySQLi/Connection.php(292): mysqli->query()
#1 /var/www/codeigniter/system/Database/BaseConnection.php(670): CodeIgniter\Database\MySQLi\Connection->execute()
#2 /var/www/codeigniter/system/Database/BaseConnection.php(598): CodeIgniter\Database\BaseConnection->simpleQuery()
#3 /var/www/codeigniter/system/Database/BaseBuilder.php(1443): CodeIgniter\Database\BaseConnection->query()
#4 /var/www/codeigniter/system/Model.php(183): CodeIgniter\Database\BaseBuilder->get()
#5 /var/www/codeigniter/system/BaseModel.php(584): CodeIgniter\Model->doFindAll()
#6 /var/www/codeigniter/app/Models/SellerModel.php(15): CodeIgniter\BaseModel->findAll()
#7 /var/www/codeigniter/app/Controllers/Seller.php(17): App\Models\SellerModel->getAll()
#8 /var/www/codeigniter/system/CodeIgniter.php(824): App\Controllers\Seller->index()
#9 /var/www/codeigniter/system/CodeIgniter.php(410): CodeIgniter\CodeIgniter->runController()
#10 /var/www/codeigniter/system/CodeIgniter.php(318): CodeIgniter\CodeIgniter->handleRequest()
#11 /var/www/codeigniter/public/index.php(37): CodeIgniter\CodeIgniter->run()
#12 /var/www/codeigniter/system/Commands/Server/rewrite.php(43): require_once('/var/www/codeig...')
#13 {main}
ERROR - 2021-11-16 19:20:40 --> Table 'ifc_store.news' doesn't exist
CRITICAL - 2021-11-16 19:20:40 --> Table 'ifc_store.news' doesn't exist
#0 /var/www/codeigniter/system/Database/MySQLi/Connection.php(292): mysqli->query()
#1 /var/www/codeigniter/system/Database/BaseConnection.php(670): CodeIgniter\Database\MySQLi\Connection->execute()
#2 /var/www/codeigniter/system/Database/BaseConnection.php(598): CodeIgniter\Database\BaseConnection->simpleQuery()
#3 /var/www/codeigniter/system/Database/BaseBuilder.php(1443): CodeIgniter\Database\BaseConnection->query()
#4 /var/www/codeigniter/system/Model.php(183): CodeIgniter\Database\BaseBuilder->get()
#5 /var/www/codeigniter/system/BaseModel.php(584): CodeIgniter\Model->doFindAll()
#6 /var/www/codeigniter/app/Models/SellerModel.php(15): CodeIgniter\BaseModel->findAll()
#7 /var/www/codeigniter/app/Controllers/Seller.php(17): App\Models\SellerModel->getAll()
#8 /var/www/codeigniter/system/CodeIgniter.php(824): App\Controllers\Seller->index()
#9 /var/www/codeigniter/system/CodeIgniter.php(410): CodeIgniter\CodeIgniter->runController()
#10 /var/www/codeigniter/system/CodeIgniter.php(318): CodeIgniter\CodeIgniter->handleRequest()
#11 /var/www/codeigniter/public/index.php(37): CodeIgniter\CodeIgniter->run()
#12 /var/www/codeigniter/system/Commands/Server/rewrite.php(43): require_once('/var/www/codeig...')
#13 {main}
ERROR - 2021-11-16 19:20:41 --> Table 'ifc_store.news' doesn't exist
CRITICAL - 2021-11-16 19:20:41 --> Table 'ifc_store.news' doesn't exist
#0 /var/www/codeigniter/system/Database/MySQLi/Connection.php(292): mysqli->query()
#1 /var/www/codeigniter/system/Database/BaseConnection.php(670): CodeIgniter\Database\MySQLi\Connection->execute()
#2 /var/www/codeigniter/system/Database/BaseConnection.php(598): CodeIgniter\Database\BaseConnection->simpleQuery()
#3 /var/www/codeigniter/system/Database/BaseBuilder.php(1443): CodeIgniter\Database\BaseConnection->query()
#4 /var/www/codeigniter/system/Model.php(183): CodeIgniter\Database\BaseBuilder->get()
#5 /var/www/codeigniter/system/BaseModel.php(584): CodeIgniter\Model->doFindAll()
#6 /var/www/codeigniter/app/Models/SellerModel.php(15): CodeIgniter\BaseModel->findAll()
#7 /var/www/codeigniter/app/Controllers/Seller.php(17): App\Models\SellerModel->getAll()
#8 /var/www/codeigniter/system/CodeIgniter.php(824): App\Controllers\Seller->index()
#9 /var/www/codeigniter/system/CodeIgniter.php(410): CodeIgniter\CodeIgniter->runController()
#10 /var/www/codeigniter/system/CodeIgniter.php(318): CodeIgniter\CodeIgniter->handleRequest()
#11 /var/www/codeigniter/public/index.php(37): CodeIgniter\CodeIgniter->run()
#12 /var/www/codeigniter/system/Commands/Server/rewrite.php(43): require_once('/var/www/codeig...')
#13 {main}
ERROR - 2021-11-16 19:20:41 --> Table 'ifc_store.news' doesn't exist
CRITICAL - 2021-11-16 19:20:41 --> Table 'ifc_store.news' doesn't exist
#0 /var/www/codeigniter/system/Database/MySQLi/Connection.php(292): mysqli->query()
#1 /var/www/codeigniter/system/Database/BaseConnection.php(670): CodeIgniter\Database\MySQLi\Connection->execute()
#2 /var/www/codeigniter/system/Database/BaseConnection.php(598): CodeIgniter\Database\BaseConnection->simpleQuery()
#3 /var/www/codeigniter/system/Database/BaseBuilder.php(1443): CodeIgniter\Database\BaseConnection->query()
#4 /var/www/codeigniter/system/Model.php(183): CodeIgniter\Database\BaseBuilder->get()
#5 /var/www/codeigniter/system/BaseModel.php(584): CodeIgniter\Model->doFindAll()
#6 /var/www/codeigniter/app/Models/SellerModel.php(15): CodeIgniter\BaseModel->findAll()
#7 /var/www/codeigniter/app/Controllers/Seller.php(17): App\Models\SellerModel->getAll()
#8 /var/www/codeigniter/system/CodeIgniter.php(824): App\Controllers\Seller->index()
#9 /var/www/codeigniter/system/CodeIgniter.php(410): CodeIgniter\CodeIgniter->runController()
#10 /var/www/codeigniter/system/CodeIgniter.php(318): CodeIgniter\CodeIgniter->handleRequest()
#11 /var/www/codeigniter/public/index.php(37): CodeIgniter\CodeIgniter->run()
#12 /var/www/codeigniter/system/Commands/Server/rewrite.php(43): require_once('/var/www/codeig...')
#13 {main}
ERROR - 2021-11-16 19:20:42 --> Table 'ifc_store.news' doesn't exist
CRITICAL - 2021-11-16 19:20:42 --> Table 'ifc_store.news' doesn't exist
#0 /var/www/codeigniter/system/Database/MySQLi/Connection.php(292): mysqli->query()
#1 /var/www/codeigniter/system/Database/BaseConnection.php(670): CodeIgniter\Database\MySQLi\Connection->execute()
#2 /var/www/codeigniter/system/Database/BaseConnection.php(598): CodeIgniter\Database\BaseConnection->simpleQuery()
#3 /var/www/codeigniter/system/Database/BaseBuilder.php(1443): CodeIgniter\Database\BaseConnection->query()
#4 /var/www/codeigniter/system/Model.php(183): CodeIgniter\Database\BaseBuilder->get()
#5 /var/www/codeigniter/system/BaseModel.php(584): CodeIgniter\Model->doFindAll()
#6 /var/www/codeigniter/app/Models/SellerModel.php(15): CodeIgniter\BaseModel->findAll()
#7 /var/www/codeigniter/app/Controllers/Seller.php(17): App\Models\SellerModel->getAll()
#8 /var/www/codeigniter/system/CodeIgniter.php(824): App\Controllers\Seller->index()
#9 /var/www/codeigniter/system/CodeIgniter.php(410): CodeIgniter\CodeIgniter->runController()
#10 /var/www/codeigniter/system/CodeIgniter.php(318): CodeIgniter\CodeIgniter->handleRequest()
#11 /var/www/codeigniter/public/index.php(37): CodeIgniter\CodeIgniter->run()
#12 /var/www/codeigniter/system/Commands/Server/rewrite.php(43): require_once('/var/www/codeig...')
#13 {main}
CRITICAL - 2021-11-16 19:20:57 --> Undefined variable: title
#0 /var/www/codeigniter/app/Views/templates/header.php(10): CodeIgniter\Debug\Exceptions->errorHandler()
#1 /var/www/codeigniter/system/View/View.php(214): include('/var/www/codeig...')
#2 /var/www/codeigniter/system/View/View.php(217): CodeIgniter\View\View->CodeIgniter\View\{closure}()
#3 /var/www/codeigniter/system/Common.php(1097): CodeIgniter\View\View->render()
#4 /var/www/codeigniter/app/Controllers/Seller.php(20): view()
#5 /var/www/codeigniter/system/CodeIgniter.php(824): App\Controllers\Seller->index()
#6 /var/www/codeigniter/system/CodeIgniter.php(410): CodeIgniter\CodeIgniter->runController()
#7 /var/www/codeigniter/system/CodeIgniter.php(318): CodeIgniter\CodeIgniter->handleRequest()
#8 /var/www/codeigniter/public/index.php(37): CodeIgniter\CodeIgniter->run()
#9 /var/www/codeigniter/system/Commands/Server/rewrite.php(43): require_once('/var/www/codeig...')
#10 {main}
CRITICAL - 2021-11-16 19:21:32 --> Invalid file: pages/news.php
#0 /var/www/codeigniter/system/View/View.php(198): CodeIgniter\Exceptions\FrameworkException::forInvalidFile()
#1 /var/www/codeigniter/system/Common.php(1097): CodeIgniter\View\View->render()
#2 /var/www/codeigniter/app/Controllers/Seller.php(22): view()
#3 /var/www/codeigniter/system/CodeIgniter.php(824): App\Controllers\Seller->index()
#4 /var/www/codeigniter/system/CodeIgniter.php(410): CodeIgniter\CodeIgniter->runController()
#5 /var/www/codeigniter/system/CodeIgniter.php(318): CodeIgniter\CodeIgniter->handleRequest()
#6 /var/www/codeigniter/public/index.php(37): CodeIgniter\CodeIgniter->run()
#7 /var/www/codeigniter/system/Commands/Server/rewrite.php(43): require_once('/var/www/codeig...')
#8 {main}
CRITICAL - 2021-11-16 20:36:10 --> syntax error, unexpected ','
#0 /var/www/codeigniter/system/Router/Router.php(176): CodeIgniter\Router\Router->autoRoute()
#1 /var/www/codeigniter/system/CodeIgniter.php(718): CodeIgniter\Router\Router->handle()
#2 /var/www/codeigniter/system/CodeIgniter.php(359): CodeIgniter\CodeIgniter->tryToRouteIt()
#3 /var/www/codeigniter/system/CodeIgniter.php(318): CodeIgniter\CodeIgniter->handleRequest()
#4 /var/www/codeigniter/public/index.php(37): CodeIgniter\CodeIgniter->run()
#5 /var/www/codeigniter/system/Commands/Server/rewrite.php(43): require_once('/var/www/codeig...')
#6 {main}
CRITICAL - 2021-11-16 20:36:59 --> A non-numeric value encountered
#0 /var/www/codeigniter/app/Controllers/Seller.php(33): CodeIgniter\Debug\Exceptions->errorHandler()
#1 /var/www/codeigniter/system/CodeIgniter.php(824): App\Controllers\Seller->detalhes()
#2 /var/www/codeigniter/system/CodeIgniter.php(410): CodeIgniter\CodeIgniter->runController()
#3 /var/www/codeigniter/system/CodeIgniter.php(318): CodeIgniter\CodeIgniter->handleRequest()
#4 /var/www/codeigniter/public/index.php(37): CodeIgniter\CodeIgniter->run()
#5 /var/www/codeigniter/system/Commands/Server/rewrite.php(43): require_once('/var/www/codeig...')
#6 {main}
CRITICAL - 2021-11-16 20:40:50 --> Undefined variable: Name
#0 /var/www/codeigniter/app/Views/pages/detalhes.php(6): CodeIgniter\Debug\Exceptions->errorHandler()
#1 /var/www/codeigniter/system/View/View.php(214): include('/var/www/codeig...')
#2 /var/www/codeigniter/system/View/View.php(217): CodeIgniter\View\View->CodeIgniter\View\{closure}()
#3 /var/www/codeigniter/system/Common.php(1097): CodeIgniter\View\View->render()
#4 /var/www/codeigniter/app/Controllers/Seller.php(38): view()
#5 /var/www/codeigniter/system/CodeIgniter.php(824): App\Controllers\Seller->detalhes()
#6 /var/www/codeigniter/system/CodeIgniter.php(410): CodeIgniter\CodeIgniter->runController()
#7 /var/www/codeigniter/system/CodeIgniter.php(318): CodeIgniter\CodeIgniter->handleRequest()
#8 /var/www/codeigniter/public/index.php(37): CodeIgniter\CodeIgniter->run()
#9 /var/www/codeigniter/system/Commands/Server/rewrite.php(43): require_once('/var/www/codeig...')
#10 {main}
CRITICAL - 2021-11-16 20:47:13 --> Undefined variable: title
#0 /var/www/codeigniter/app/Views/templates/header.php(25): CodeIgniter\Debug\Exceptions->errorHandler()
#1 /var/www/codeigniter/system/View/View.php(214): include('/var/www/codeig...')
#2 /var/www/codeigniter/system/View/View.php(217): CodeIgniter\View\View->CodeIgniter\View\{closure}()
#3 /var/www/codeigniter/system/Common.php(1097): CodeIgniter\View\View->render()
#4 /var/www/codeigniter/app/Controllers/Seller.php(44): view()
#5 /var/www/codeigniter/system/CodeIgniter.php(824): App\Controllers\Seller->create()
#6 /var/www/codeigniter/system/CodeIgniter.php(410): CodeIgniter\CodeIgniter->runController()
#7 /var/www/codeigniter/system/CodeIgniter.php(318): CodeIgniter\CodeIgniter->handleRequest()
#8 /var/www/codeigniter/public/index.php(37): CodeIgniter\CodeIgniter->run()
#9 /var/www/codeigniter/system/Commands/Server/rewrite.php(43): require_once('/var/www/codeig...')
#10 {main}
ERROR - 2021-11-16 21:11:18 --> Table 'ifc_store.users' doesn't exist
CRITICAL - 2021-11-16 21:11:18 --> Table 'ifc_store.users' doesn't exist
#0 /var/www/codeigniter/system/Database/MySQLi/Connection.php(292): mysqli->query()
#1 /var/www/codeigniter/system/Database/BaseConnection.php(670): CodeIgniter\Database\MySQLi\Connection->execute()
#2 /var/www/codeigniter/system/Database/BaseConnection.php(598): CodeIgniter\Database\BaseConnection->simpleQuery()
#3 /var/www/codeigniter/system/Database/BaseBuilder.php(1443): CodeIgniter\Database\BaseConnection->query()
#4 /var/www/codeigniter/system/Validation/Rules.php(161): CodeIgniter\Database\BaseBuilder->get()
#5 /var/www/codeigniter/system/Validation/Validation.php(277): CodeIgniter\Validation\Rules->is_unique()
#6 /var/www/codeigniter/system/Validation/Validation.php(151): CodeIgniter\Validation\Validation->processRules()
#7 /var/www/codeigniter/system/BaseModel.php(1347): CodeIgniter\Validation\Validation->run()
#8 /var/www/codeigniter/system/BaseModel.php(707): CodeIgniter\BaseModel->validate()
#9 /var/www/codeigniter/system/Model.php(620): CodeIgniter\BaseModel->insert()
#10 /var/www/codeigniter/system/BaseModel.php(658): CodeIgniter\Model->insert()
#11 /var/www/codeigniter/app/Models/SellerModel.php(32): CodeIgniter\BaseModel->save()
#12 /var/www/codeigniter/app/Controllers/Seller.php(63): App\Models\SellerModel->saveSeller()
#13 /var/www/codeigniter/system/CodeIgniter.php(824): App\Controllers\Seller->save()
#14 /var/www/codeigniter/system/CodeIgniter.php(410): CodeIgniter\CodeIgniter->runController()
#15 /var/www/codeigniter/system/CodeIgniter.php(318): CodeIgniter\CodeIgniter->handleRequest()
#16 /var/www/codeigniter/public/index.php(37): CodeIgniter\CodeIgniter->run()
#17 /var/www/codeigniter/system/Commands/Server/rewrite.php(43): require_once('/var/www/codeig...')
#18 {main}
CRITICAL - 2021-11-16 21:11:53 --> Allowed fields must be specified for model: App\Models\SellerModel
#0 /var/www/codeigniter/system/BaseModel.php(1138): CodeIgniter\Database\Exceptions\DataException::forInvalidAllowedFields()
#1 /var/www/codeigniter/system/BaseModel.php(713): CodeIgniter\BaseModel->doProtectFields()
#2 /var/www/codeigniter/system/Model.php(620): CodeIgniter\BaseModel->insert()
#3 /var/www/codeigniter/system/BaseModel.php(658): CodeIgniter\Model->insert()
#4 /var/www/codeigniter/app/Models/SellerModel.php(32): CodeIgniter\BaseModel->save()
#5 /var/www/codeigniter/app/Controllers/Seller.php(63): App\Models\SellerModel->saveSeller()
#6 /var/www/codeigniter/system/CodeIgniter.php(824): App\Controllers\Seller->save()
#7 /var/www/codeigniter/system/CodeIgniter.php(410): CodeIgniter\CodeIgniter->runController()
#8 /var/www/codeigniter/system/CodeIgniter.php(318): CodeIgniter\CodeIgniter->handleRequest()
#9 /var/www/codeigniter/public/index.php(37): CodeIgniter\CodeIgniter->run()
#10 /var/www/codeigniter/system/Commands/Server/rewrite.php(43): require_once('/var/www/codeig...')
#11 {main}
ERROR - 2021-11-16 21:13:00 --> Cannot add or update a child row: a foreign key constraint fails (`ifc_store`.`seller`, CONSTRAINT `seller_ibfk_1` FOREIGN KEY (`DepartmentId`) REFERENCES `department` (`Id`))
CRITICAL - 2021-11-16 21:13:00 --> Cannot add or update a child row: a foreign key constraint fails (`ifc_store`.`seller`, CONSTRAINT `seller_ibfk_1` FOREIGN KEY (`DepartmentId`) REFERENCES `department` (`Id`))
#0 /var/www/codeigniter/system/Database/MySQLi/Connection.php(292): mysqli->query()
#1 /var/www/codeigniter/system/Database/BaseConnection.php(670): CodeIgniter\Database\MySQLi\Connection->execute()
#2 /var/www/codeigniter/system/Database/BaseConnection.php(598): CodeIgniter\Database\BaseConnection->simpleQuery()
#3 /var/www/codeigniter/system/Database/BaseBuilder.php(1759): CodeIgniter\Database\BaseConnection->query()
#4 /var/www/codeigniter/system/Model.php(239): CodeIgniter\Database\BaseBuilder->insert()
#5 /var/www/codeigniter/system/BaseModel.php(738): CodeIgniter\Model->doInsert()
#6 /var/www/codeigniter/system/Model.php(620): CodeIgniter\BaseModel->insert()
#7 /var/www/codeigniter/system/BaseModel.php(658): CodeIgniter\Model->insert()
#8 /var/www/codeigniter/app/Models/SellerModel.php(34): CodeIgniter\BaseModel->save()
#9 /var/www/codeigniter/app/Controllers/Seller.php(63): App\Models\SellerModel->saveSeller()
#10 /var/www/codeigniter/system/CodeIgniter.php(824): App\Controllers\Seller->save()
#11 /var/www/codeigniter/system/CodeIgniter.php(410): CodeIgniter\CodeIgniter->runController()
#12 /var/www/codeigniter/system/CodeIgniter.php(318): CodeIgniter\CodeIgniter->handleRequest()
#13 /var/www/codeigniter/public/index.php(37): CodeIgniter\CodeIgniter->run()
#14 /var/www/codeigniter/system/Commands/Server/rewrite.php(43): require_once('/var/www/codeig...')
#15 {main}
ERROR - 2021-11-16 21:13:44 --> Cannot add or update a child row: a foreign key constraint fails (`ifc_store`.`seller`, CONSTRAINT `seller_ibfk_1` FOREIGN KEY (`DepartmentId`) REFERENCES `department` (`Id`))
CRITICAL - 2021-11-16 21:13:44 --> Cannot add or update a child row: a foreign key constraint fails (`ifc_store`.`seller`, CONSTRAINT `seller_ibfk_1` FOREIGN KEY (`DepartmentId`) REFERENCES `department` (`Id`))
#0 /var/www/codeigniter/system/Database/MySQLi/Connection.php(292): mysqli->query()
#1 /var/www/codeigniter/system/Database/BaseConnection.php(670): CodeIgniter\Database\MySQLi\Connection->execute()
#2 /var/www/codeigniter/system/Database/BaseConnection.php(598): CodeIgniter\Database\BaseConnection->simpleQuery()
#3 /var/www/codeigniter/system/Database/BaseBuilder.php(1759): CodeIgniter\Database\BaseConnection->query()
#4 /var/www/codeigniter/system/Model.php(239): CodeIgniter\Database\BaseBuilder->insert()
#5 /var/www/codeigniter/system/BaseModel.php(738): CodeIgniter\Model->doInsert()
#6 /var/www/codeigniter/system/Model.php(620): CodeIgniter\BaseModel->insert()
#7 /var/www/codeigniter/system/BaseModel.php(658): CodeIgniter\Model->insert()
#8 /var/www/codeigniter/app/Models/SellerModel.php(34): CodeIgniter\BaseModel->save()
#9 /var/www/codeigniter/app/Controllers/Seller.php(64): App\Models\SellerModel->saveSeller()
#10 /var/www/codeigniter/system/CodeIgniter.php(824): App\Controllers\Seller->save()
#11 /var/www/codeigniter/system/CodeIgniter.php(410): CodeIgniter\CodeIgniter->runController()
#12 /var/www/codeigniter/system/CodeIgniter.php(318): CodeIgniter\CodeIgniter->handleRequest()
#13 /var/www/codeigniter/public/index.php(37): CodeIgniter\CodeIgniter->run()
#14 /var/www/codeigniter/system/Commands/Server/rewrite.php(43): require_once('/var/www/codeig...')
#15 {main}
ERROR - 2021-11-16 21:13:48 --> Cannot add or update a child row: a foreign key constraint fails (`ifc_store`.`seller`, CONSTRAINT `seller_ibfk_1` FOREIGN KEY (`DepartmentId`) REFERENCES `department` (`Id`))
CRITICAL - 2021-11-16 21:13:48 --> Cannot add or update a child row: a foreign key constraint fails (`ifc_store`.`seller`, CONSTRAINT `seller_ibfk_1` FOREIGN KEY (`DepartmentId`) REFERENCES `department` (`Id`))
#0 /var/www/codeigniter/system/Database/MySQLi/Connection.php(292): mysqli->query()
#1 /var/www/codeigniter/system/Database/BaseConnection.php(670): CodeIgniter\Database\MySQLi\Connection->execute()
#2 /var/www/codeigniter/system/Database/BaseConnection.php(598): CodeIgniter\Database\BaseConnection->simpleQuery()
#3 /var/www/codeigniter/system/Database/BaseBuilder.php(1759): CodeIgniter\Database\BaseConnection->query()
#4 /var/www/codeigniter/system/Model.php(239): CodeIgniter\Database\BaseBuilder->insert()
#5 /var/www/codeigniter/system/BaseModel.php(738): CodeIgniter\Model->doInsert()
#6 /var/www/codeigniter/system/Model.php(620): CodeIgniter\BaseModel->insert()
#7 /var/www/codeigniter/system/BaseModel.php(658): CodeIgniter\Model->insert()
#8 /var/www/codeigniter/app/Models/SellerModel.php(34): CodeIgniter\BaseModel->save()
#9 /var/www/codeigniter/app/Controllers/Seller.php(64): App\Models\SellerModel->saveSeller()
#10 /var/www/codeigniter/system/CodeIgniter.php(824): App\Controllers\Seller->save()
#11 /var/www/codeigniter/system/CodeIgniter.php(410): CodeIgniter\CodeIgniter->runController()
#12 /var/www/codeigniter/system/CodeIgniter.php(318): CodeIgniter\CodeIgniter->handleRequest()
#13 /var/www/codeigniter/public/index.php(37): CodeIgniter\CodeIgniter->run()
#14 /var/www/codeigniter/system/Commands/Server/rewrite.php(43): require_once('/var/www/codeig...')
#15 {main}
ERROR - 2021-11-16 21:14:00 --> Cannot add or update a child row: a foreign key constraint fails (`ifc_store`.`seller`, CONSTRAINT `seller_ibfk_1` FOREIGN KEY (`DepartmentId`) REFERENCES `department` (`Id`))
CRITICAL - 2021-11-16 21:14:00 --> Cannot add or update a child row: a foreign key constraint fails (`ifc_store`.`seller`, CONSTRAINT `seller_ibfk_1` FOREIGN KEY (`DepartmentId`) REFERENCES `department` (`Id`))
#0 /var/www/codeigniter/system/Database/MySQLi/Connection.php(292): mysqli->query()
#1 /var/www/codeigniter/system/Database/BaseConnection.php(670): CodeIgniter\Database\MySQLi\Connection->execute()
#2 /var/www/codeigniter/system/Database/BaseConnection.php(598): CodeIgniter\Database\BaseConnection->simpleQuery()
#3 /var/www/codeigniter/system/Database/BaseBuilder.php(1759): CodeIgniter\Database\BaseConnection->query()
#4 /var/www/codeigniter/system/Model.php(239): CodeIgniter\Database\BaseBuilder->insert()
#5 /var/www/codeigniter/system/BaseModel.php(738): CodeIgniter\Model->doInsert()
#6 /var/www/codeigniter/system/Model.php(620): CodeIgniter\BaseModel->insert()
#7 /var/www/codeigniter/system/BaseModel.php(658): CodeIgniter\Model->insert()
#8 /var/www/codeigniter/app/Models/SellerModel.php(34): CodeIgniter\BaseModel->save()
#9 /var/www/codeigniter/app/Controllers/Seller.php(64): App\Models\SellerModel->saveSeller()
#10 /var/www/codeigniter/system/CodeIgniter.php(824): App\Controllers\Seller->save()
#11 /var/www/codeigniter/system/CodeIgniter.php(410): CodeIgniter\CodeIgniter->runController()
#12 /var/www/codeigniter/system/CodeIgniter.php(318): CodeIgniter\CodeIgniter->handleRequest()
#13 /var/www/codeigniter/public/index.php(37): CodeIgniter\CodeIgniter->run()
#14 /var/www/codeigniter/system/Commands/Server/rewrite.php(43): require_once('/var/www/codeig...')
#15 {main}
CRITICAL - 2021-11-16 21:35:33 --> Call to undefined method App\Controllers\Seller::setValidationMessages()
#0 /var/www/codeigniter/system/CodeIgniter.php(824): App\Controllers\Seller->save()
#1 /var/www/codeigniter/system/CodeIgniter.php(410): CodeIgniter\CodeIgniter->runController()
#2 /var/www/codeigniter/system/CodeIgniter.php(318): CodeIgniter\CodeIgniter->handleRequest()
#3 /var/www/codeigniter/public/index.php(37): CodeIgniter\CodeIgniter->run()
#4 /var/www/codeigniter/system/Commands/Server/rewrite.php(43): require_once('/var/www/codeig...')
#5 {main}
